[2017-09-18 16:41:36] header: 
Array
(
    [0] => Appkey: 4ab8daeac32c2f8d119076956c997bba
    [1] => Nonce: gs!toq7203u_d&5i%6$~
    [2] => CurTime: 1505724096
    [3] => CheckSum: 91b072a7d97bfe8794dd05007ab69470b48b6f08
    [4] => content-type: application/x-www-form-urlencoded; charset=UTF-8
)

body: 
Array
(
    [accid] => PpO7Nq00N7GDEgTnytoWxN8qD38NOpyd
    [token] => e5eqn6E7ZnvwQN198EVjbg4n056eE185
)

response: 
{"code":200,"info":{"token":"e5eqn6E7ZnvwQN198EVjbg4n056eE185","accid":"ppo7nq00n7gdegtnytowxn8qd38nopyd","name":""}}

[2017-09-27 10:03:38] header: 
Array
(
    [0] => Appkey: 4ab8daeac32c2f8d119076956c997bba
    [1] => Nonce: 6v#wnk)&1~$szhpar59y
    [2] => CurTime: 1506477817
    [3] => CheckSum: a9da8b52d8b585ae9747c8b8b923ff460c320c1e
    [4] => content-type: application/x-www-form-urlencoded; charset=UTF-8
)

body: 
Array
(
    [name] => member_nickname
    [icon] => member_avatar
)

response: 
{"desc":"accid is empty","code":414}

[2017-09-27 10:06:18] header: 
Array
(
    [0] => Appkey: 4ab8daeac32c2f8d119076956c997bba
    [1] => Nonce: gm4u6+$2)#9wy5vlz*0d
    [2] => CurTime: 1506477978
    [3] => CheckSum: 96cb4454dc7dcea015395fd5aff0a1185e747dfa
    [4] => content-type: application/x-www-form-urlencoded; charset=UTF-8
)

body: 
Array
(
    [name] => member_nickname
    [icon] => member_avatar
)

response: 
{"desc":"accid is empty","code":414}

[2017-09-27 10:06:21] header: 
Array
(
    [0] => Appkey: 4ab8daeac32c2f8d119076956c997bba
    [1] => Nonce: cybs#j2uq^mork(4e*)9
    [2] => CurTime: 1506477981
    [3] => CheckSum: be2b717e1f0e220cfef0a472f20e816a6dac70f0
    [4] => content-type: application/x-www-form-urlencoded; charset=UTF-8
)

body: 
Array
(
    [name] => member_nickname
    [icon] => member_avatar
)

response: 
{"desc":"accid is empty","code":414}

[2017-09-27 10:06:55] header: 
Array
(
    [0] => Appkey: 4ab8daeac32c2f8d119076956c997bba
    [1] => Nonce: devx816o7~30tsn^#gz+
    [2] => CurTime: 1506478015
    [3] => CheckSum: b53a15ef66563cd23ba2761ce81485ac39f13470
    [4] => content-type: application/x-www-form-urlencoded; charset=UTF-8
)

body: 
Array
(
    [name] => member_nickname
)

response: 
{"desc":"accid is empty","code":414}

[2017-09-27 10:08:48] header: 
Array
(
    [0] => Appkey: 4ab8daeac32c2f8d119076956c997bba
    [1] => Nonce: ky)lbr#4mn(t^f*3cxde
    [2] => CurTime: 1506478128
    [3] => CheckSum: b0b33592e809cb6f23695220dc9dcaf97ef5b8d6
    [4] => content-type: application/x-www-form-urlencoded; charset=UTF-8
)

body: 
Array
(
    [name] => member_nickname
)

response: 
{"desc":"accid is empty","code":414}

[2017-09-27 10:09:30] header: 
Array
(
    [0] => Appkey: 4ab8daeac32c2f8d119076956c997bba
    [1] => Nonce: *~t8d2^i(a$j%lxe7h#0
    [2] => CurTime: 1506478170
    [3] => CheckSum: b46de232ef21878e6aa6da3e5cf7e22d81b2967d
    [4] => content-type: application/x-www-form-urlencoded; charset=UTF-8
)

body: 
Array
(
    [name] => member_nickname
)

response: 
{"desc":"accid is empty","code":414}

[2017-09-27 10:11:11] header: 
Array
(
    [0] => Appkey: 4ab8daeac32c2f8d119076956c997bba
    [1] => Nonce: yf~tn4_#lp2j6k9vx$*^
    [2] => CurTime: 1506478271
    [3] => CheckSum: 7f13545ddf4be2fdb025bf68117130bb940f5808
    [4] => content-type: application/x-www-form-urlencoded; charset=UTF-8
)

body: 
Array
(
    [accid] => v7yrfFoCyoCO7qaffZC2SOQo7HZVqQfC
    [name] => member_nickname
)

response: 
{"code":200}

[2017-09-27 10:11:40] header: 
Array
(
    [0] => Appkey: 4ab8daeac32c2f8d119076956c997bba
    [1] => Nonce: r#9fg(36)&1anoyw2qj+
    [2] => CurTime: 1506478300
    [3] => CheckSum: c53153d1220181d19a4f98d970da41bbbfb6bede
    [4] => content-type: application/x-www-form-urlencoded; charset=UTF-8
)

body: 
Array
(
    [accid] => v7yrfFoCyoCO7qaffZC2SOQo7HZVqQfC
    [name] => member_nickname
    [icon] => member_avatar
)

response: 
{"code":200}

[2017-09-27 10:11:51] header: 
Array
(
    [0] => Appkey: 4ab8daeac32c2f8d119076956c997bba
    [1] => Nonce: (37v#1)myg%t^2z_$jhk
    [2] => CurTime: 1506478310
    [3] => CheckSum: db794a6543e43a14a42ee1981c97685166cf3937
    [4] => content-type: application/x-www-form-urlencoded; charset=UTF-8
)

body: 
Array
(
    [accid] => v7yrfFoCyoCO7qaffZC2SOQo7HZVqQfC
    [name] => member_nickname
    [icon] => member_avatar
)

response: 
{"code":200}

[2017-09-27 10:12:48] header: 
Array
(
    [0] => Appkey: 4ab8daeac32c2f8d119076956c997bba
    [1] => Nonce: 76zbvswn2_cdot^jp#a(
    [2] => CurTime: 1506478368
    [3] => CheckSum: 32534a7ffe6fe88fd445b33f8a7264f0efb5bde8
    [4] => content-type: application/x-www-form-urlencoded; charset=UTF-8
)

body: 
Array
(
    [accid] => v7yrfFoCyoCO7qaffZC2SOQo7HZVqQfC
    [name] => 我的昵称COO
    [icon] => member_avatar
)

response: 
{"code":200}

[2017-09-27 10:20:24] header: 
Array
(
    [0] => Appkey: 4ab8daeac32c2f8d119076956c997bba
    [1] => Nonce: bv3^o+ck728d%$_tijy)
    [2] => CurTime: 1506478823
    [3] => CheckSum: dffb4e34fd28d4effb921feb30828cfe52b22085
    [4] => content-type: application/x-www-form-urlencoded; charset=UTF-8
)

body: 
Array
(
    [accid] => v7yrfFoCyoCO7qaffZC2SOQo7HZVqQfC
    [name] => 我的昵称COO
    [icon] => data/plat/201709/27/100334egylrki8yyl2i3xg.png
)

response: 
{"code":200}

[2017-09-27 10:21:44] header: 
Array
(
    [0] => Appkey: 4ab8daeac32c2f8d119076956c997bba
    [1] => Nonce: )v9m8zwie&brpjh15a!g
    [2] => CurTime: 1506478904
    [3] => CheckSum: d2b7fa5d07b0ec047bdc0f9253cb29861fd5d241
    [4] => content-type: application/x-www-form-urlencoded; charset=UTF-8
)

body: 
Array
(
    [accid] => v7yrfFoCyoCO7qaffZC2SOQo7HZVqQfC
    [name] => 我的昵称COO
    [icon] => data/plat/201709/27/100334egylrki8yyl2i3xg.png
)

response: 
{"code":200}

[2017-09-27 10:25:20] header: 
Array
(
    [0] => Appkey: 4ab8daeac32c2f8d119076956c997bba
    [1] => Nonce: q&lry_w0$at~2k4^m+93
    [2] => CurTime: 1506479120
    [3] => CheckSum: de8ab5991ecc87be1d5fa51d506fe04321c7c0c2
    [4] => content-type: application/x-www-form-urlencoded; charset=UTF-8
)

body: 
Array
(
    [accid] => v7yrfFoCyoCO7qaffZC2SOQo7HZVqQfC
    [name] => 我的昵称COO
    [icon] => http://127.0.0.1data/plat/201709/27/100334egylrki8yyl2i3xg.png
)

response: 
{"code":200}

[2017-09-27 10:25:21] header: 
Array
(
    [0] => Appkey: 4ab8daeac32c2f8d119076956c997bba
    [1] => Nonce: #ki!1u647o_p0hl2c9zs
    [2] => CurTime: 1506479121
    [3] => CheckSum: 2a2d89a51bb885177aeae93ed2d9804f945364f1
    [4] => content-type: application/x-www-form-urlencoded; charset=UTF-8
)

body: 
Array
(
    [accid] => v7yrfFoCyoCO7qaffZC2SOQo7HZVqQfC
    [name] => 我的昵称COO
    [icon] => http://127.0.0.1data/plat/201709/27/100334egylrki8yyl2i3xg.png
)

response: 
{"code":200}

[2017-09-27 10:25:40] header: 
Array
(
    [0] => Appkey: 4ab8daeac32c2f8d119076956c997bba
    [1] => Nonce: ys81xhpgocv3b~k!a%uw
    [2] => CurTime: 1506479140
    [3] => CheckSum: ab54aa0f8ececdd0ad4ea0e2ed36f98dd20808bd
    [4] => content-type: application/x-www-form-urlencoded; charset=UTF-8
)

body: 
Array
(
    [accid] => v7yrfFoCyoCO7qaffZC2SOQo7HZVqQfC
    [name] => 我的昵称COO
    [icon] => http://127.0.0.1/data/plat/201709/27/100334egylrki8yyl2i3xg.png
)

response: 
{"code":200}

[2017-09-27 17:53:26] header: 
Array
(
    [0] => Appkey: 4ab8daeac32c2f8d119076956c997bba
    [1] => Nonce: +irh%x#e2ztwkp8q0a~5
    [2] => CurTime: 1506506006
    [3] => CheckSum: c7d79d95ed84424f812e7fad294d2b8ae6e96298
    [4] => content-type: application/x-www-form-urlencoded; charset=UTF-8
)

body: 
Array
(
    [accid] => 15051020222
    [name] => 不语
    [icon] => http://127.0.0.1/data/plat/201709/27/175324xw9fd9ftaeeeeyw1.jpg
)

response: 
{"code":200}

[2017-09-27 19:25:42] header: 
Array
(
    [0] => Appkey: 4ab8daeac32c2f8d119076956c997bba
    [1] => Nonce: +xlsg7vz(dhpc!ry~^*0
    [2] => CurTime: 1506511541
    [3] => CheckSum: fa3e7bd58ac1feb6d159b7d47e1492507a30f971
    [4] => content-type: application/x-www-form-urlencoded; charset=UTF-8
)

body: 
Array
(
    [accid] => KR3pmKk78q2p38Kfcp2FPmyRfh8rzm1k
    [token] => leRRCHXKJ5xmrgXqF2xNNrq5XKZxHXR2
)

response: 
{"code":200,"info":{"token":"leRRCHXKJ5xmrgXqF2xNNrq5XKZxHXR2","accid":"kr3pmkk78q2p38kfcp2fpmyrfh8rzm1k","name":""}}

[2017-09-29 17:27:56] header: 
Array
(
    [0] => Appkey: 4ab8daeac32c2f8d119076956c997bba
    [1] => Nonce: ^_()glz3e~b9&m0*ofup
    [2] => CurTime: 1506677275
    [3] => CheckSum: d7f53e6115a50fbbc6b2e567a29c92fd545acc74
    [4] => content-type: application/x-www-form-urlencoded; charset=UTF-8
)

body: 
Array
(
    [accid] => v7yrfFoCyoCO7qaffZC2SOQo7HZVqQfC
    [name] => 我的昵称COO
    [icon] => http://127.0.0.1/data/plat/201709/28/173720q5knp8ypgy8r8wwu.jpg
)

response: 
{"code":200}

[2017-09-29 17:28:02] header: 
Array
(
    [0] => Appkey: 4ab8daeac32c2f8d119076956c997bba
    [1] => Nonce: bonm#iug(7%z&9~1k!^t
    [2] => CurTime: 1506677282
    [3] => CheckSum: 47e010c8e7f318ce81a1e6aaf217fccf126173ad
    [4] => content-type: application/x-www-form-urlencoded; charset=UTF-8
)

body: 
Array
(
    [accid] => v7yrfFoCyoCO7qaffZC2SOQo7HZVqQfC
    [name] => 我的昵称COO
    [icon] => http://127.0.0.1/data/plat/201709/29/172801mahji87v4yjgaiam.jpg
)

response: 
{"code":200}

[2017-10-12 15:03:11] header: 
Array
(
    [0] => Appkey: 4ab8daeac32c2f8d119076956c997bba
    [1] => Nonce: *1)v6ikr!(+q^dc%s&gl
    [2] => CurTime: 1507791791
    [3] => CheckSum: abf7fef0c90dd750edfacacdd0196b7967684f51
    [4] => content-type: application/x-www-form-urlencoded; charset=UTF-8
)

body: 
Array
(
    [accid] => o3Ll0jrlk8RL2JelnLKvlLdRDzdVRjL8
    [token] => IH2r9H2Shv6HMw2mH8hgBmbM898gwZcL
)

response: 
{"code":200,"info":{"token":"IH2r9H2Shv6HMw2mH8hgBmbM898gwZcL","accid":"o3ll0jrlk8rl2jelnlkvlldrdzdvrjl8","name":""}}

[2017-10-12 15:06:00] header: 
Array
(
    [0] => Appkey: 4ab8daeac32c2f8d119076956c997bba
    [1] => Nonce: z_makq9t2(bh4*)r7xve
    [2] => CurTime: 1507791960
    [3] => CheckSum: d0832d1850786f483cb9c88f83117e1b1e256a15
    [4] => content-type: application/x-www-form-urlencoded; charset=UTF-8
)

body: 
Array
(
    [accid] => U61MJZVnW31a63vWwZwNpqPzYq62BvNW
    [token] => y7v2l0zc8mU29czt90ru298Vad0jv0uS
)

response: 
{"code":200,"info":{"token":"y7v2l0zc8mU29czt90ru298Vad0jv0uS","accid":"u61mjzvnw31a63vwwzwnpqpzyq62bvnw","name":""}}

[2017-10-12 15:07:52] header: 
Array
(
    [0] => Appkey: 4ab8daeac32c2f8d119076956c997bba
    [1] => Nonce: uow^!i0348badcm7(*#x
    [2] => CurTime: 1507792071
    [3] => CheckSum: fc6992ed1d496eb4c992de337b0a0a2eee4a4c79
    [4] => content-type: application/x-www-form-urlencoded; charset=UTF-8
)

body: 
Array
(
    [accid] => ofqogXIZAWXqUdYdHvoT34HIIyu3LgxT
    [token] => vM3iMcGU382UF8ifC12E1C23pizHA8pP
)

response: 
{"code":200,"info":{"token":"vM3iMcGU382UF8ifC12E1C23pizHA8pP","accid":"ofqogxizawxqudydhvot34hiiyu3lgxt","name":""}}

[2017-10-12 15:10:13] header: 
Array
(
    [0] => Appkey: 4ab8daeac32c2f8d119076956c997bba
    [1] => Nonce: dkgwti5^v6bhfsrul9_0
    [2] => CurTime: 1507792213
    [3] => CheckSum: 8400ecfd7c520b75dbfb134aa3668f39c8f31764
    [4] => content-type: application/x-www-form-urlencoded; charset=UTF-8
)

body: 
Array
(
    [accid] => I469o4d4YYr8re6926R492A48yo9ya68
    [token] => yCwQzbGNWognoAZQoWOa9Bgba3BGoZNB
)

response: 
{"code":200,"info":{"token":"yCwQzbGNWognoAZQoWOa9Bgba3BGoZNB","accid":"i469o4d4yyr8re6926r492a48yo9ya68","name":""}}

[2017-10-12 15:13:13] header: 
Array
(
    [0] => Appkey: 4ab8daeac32c2f8d119076956c997bba
    [1] => Nonce: c1i$qy7x63m)kzep~!u#
    [2] => CurTime: 1507792393
    [3] => CheckSum: da546a6227f88ab0817f9d656bdb401dc44de670
    [4] => content-type: application/x-www-form-urlencoded; charset=UTF-8
)

body: 
Array
(
    [accid] => JHmSMOEOXH3ASqkhY3YUxSyXOfhHY9Xg
    [token] => gnN56tpNuN9xnK9FXY2fUu5Gpy2YJH5H
)

response: 
{"code":200,"info":{"token":"gnN56tpNuN9xnK9FXY2fUu5Gpy2YJH5H","accid":"jhmsmoeoxh3asqkhy3yuxsyxofhhy9xg","name":""}}

[2017-10-12 15:15:08] header: 
Array
(
    [0] => Appkey: 4ab8daeac32c2f8d119076956c997bba
    [1] => Nonce: 3$*xy9w&h(l0b6rc1_#m
    [2] => CurTime: 1507792507
    [3] => CheckSum: ff641ff6cbb0fc9c67e4425be705980a7ed6bc96
    [4] => content-type: application/x-www-form-urlencoded; charset=UTF-8
)

body: 
Array
(
    [accid] => GTutfq5kZw39f6aa5965QQ09iUf5w9Oo
    [token] => Q66KaZaU6lfe5566l9sWW5S0xMfAf0Mu
)

response: 
{"code":200,"info":{"token":"Q66KaZaU6lfe5566l9sWW5S0xMfAf0Mu","accid":"gtutfq5kzw39f6aa5965qq09iuf5w9oo","name":""}}

[2017-10-12 15:18:22] header: 
Array
(
    [0] => Appkey: 4ab8daeac32c2f8d119076956c997bba
    [1] => Nonce: %z8r$_0ud67~!litn2#v
    [2] => CurTime: 1507792702
    [3] => CheckSum: 59cdb9476e129b7a9fd860675e2f2a0834d8538d
    [4] => content-type: application/x-www-form-urlencoded; charset=UTF-8
)

body: 
Array
(
    [accid] => D2EUkKUXFuuT6xxdtkatHhRXeIU2aUWu
    [token] => aE2DLDGDV2hA2a22AxE2XZDhXg371g2E
)

response: 
{"code":200,"info":{"token":"aE2DLDGDV2hA2a22AxE2XZDhXg371g2E","accid":"d2eukkuxfuut6xxdtkathhrxeiu2auwu","name":""}}

[2017-10-12 15:35:54] header: 
Array
(
    [0] => Appkey: 4ab8daeac32c2f8d119076956c997bba
    [1] => Nonce: k2yxoeh03f4lwg(1^!7_
    [2] => CurTime: 1507793753
    [3] => CheckSum: 990c6c27893d4056735c59551e0614c565aeb9dc
    [4] => content-type: application/x-www-form-urlencoded; charset=UTF-8
)

body: 
Array
(
    [accid] => MOUB0kcw88PUxC8qxzCn0O1nN87NqGCc
    [token] => rOS4LwO2l4AA4rz3HRCLlFHG34o2roOf
)

response: 
{"code":200,"info":{"token":"rOS4LwO2l4AA4rz3HRCLlFHG34o2roOf","accid":"moub0kcw88puxc8qxzcn0o1nn87nqgcc","name":""}}

[2017-10-12 15:36:24] header: 
Array
(
    [0] => Appkey: 4ab8daeac32c2f8d119076956c997bba
    [1] => Nonce: 6e$ps985w)lun+%bfvr_
    [2] => CurTime: 1507793783
    [3] => CheckSum: 5299f1aae63af6327632585c295fb068542e1179
    [4] => content-type: application/x-www-form-urlencoded; charset=UTF-8
)

body: 
Array
(
    [accid] => Coo9c8k44iKS62fKuksPjy090likI2pO
    [token] => wRJSyi8S8iaq7niTYOIxs7H5hNIaroRs
)

response: 
{"code":200,"info":{"token":"wRJSyi8S8iaq7niTYOIxs7H5hNIaroRs","accid":"coo9c8k44iks62fkukspjy090liki2po","name":""}}

[2017-10-12 15:36:25] header: 
Array
(
    [0] => Appkey: 4ab8daeac32c2f8d119076956c997bba
    [1] => Nonce: qp8(b3hc+0%d1y)r_9gs
    [2] => CurTime: 1507793785
    [3] => CheckSum: 5759bdb0a7ea1cb048d8f7435956ae8ea72ea79b
    [4] => content-type: application/x-www-form-urlencoded; charset=UTF-8
)

body: 
Array
(
    [accid] => xbpG4gs1uBphzShPS0Aa2PAs0Rp6o6hh
    [token] => YMk5iPiCbeeijiE5E3P5jiMIJmt33Tm4
)

response: 
{"code":200,"info":{"token":"YMk5iPiCbeeijiE5E3P5jiMIJmt33Tm4","accid":"xbpg4gs1ubphzshps0aa2pas0rp6o6hh","name":""}}

[2017-10-12 15:37:26] header: 
Array
(
    [0] => Appkey: 4ab8daeac32c2f8d119076956c997bba
    [1] => Nonce: yz09h$b&p+(j1u_5xkg~
    [2] => CurTime: 1507793846
    [3] => CheckSum: 67987f08578197339e67fad03c44da461d2e412c
    [4] => content-type: application/x-www-form-urlencoded; charset=UTF-8
)

body: 
Array
(
    [accid] => i09vQx1NEcqb0Q33NZZ3e4CVNn0mNrPE
    [token] => rlo92tZhzHTHTyyn4zhfHyH96pZnnrt9
)

response: 
{"code":200,"info":{"token":"rlo92tZhzHTHTyyn4zhfHyH96pZnnrt9","accid":"i09vqx1necqb0q33nzz3e4cvnn0mnrpe","name":""}}

[2017-10-12 15:37:28] header: 
Array
(
    [0] => Appkey: 4ab8daeac32c2f8d119076956c997bba
    [1] => Nonce: m_ey8zjh46)f$wsvdgat
    [2] => CurTime: 1507793848
    [3] => CheckSum: c05599b585f84c7277aae5492547e47657ef4590
    [4] => content-type: application/x-www-form-urlencoded; charset=UTF-8
)

body: 
Array
(
    [accid] => lGou50u5dfDiFqGchusgdi550M2S4hu5
    [token] => yWOcO3pzAcUCwCFG7glpE7GgOA377753
)

response: 
{"code":200,"info":{"token":"yWOcO3pzAcUCwCFG7glpE7GgOA377753","accid":"lgou50u5dfdifqgchusgdi550m2s4hu5","name":""}}

[2017-10-12 15:37:40] header: 
Array
(
    [0] => Appkey: 4ab8daeac32c2f8d119076956c997bba
    [1] => Nonce: 2r(7fn1xj!3c#8^+560*
    [2] => CurTime: 1507793859
    [3] => CheckSum: 072f94e0b68c228a8eabbdd84ce4de00d9ede0ca
    [4] => content-type: application/x-www-form-urlencoded; charset=UTF-8
)

body: 
Array
(
    [accid] => eIA316cC8ojQ3iCRHJI97Lil1s63akaq
    [token] => r0nLBhSVTAwRaAt2MMslN52TwWms2fUA
)

response: 
{"code":200,"info":{"token":"r0nLBhSVTAwRaAt2MMslN52TwWms2fUA","accid":"eia316cc8ojq3icrhji97lil1s63akaq","name":""}}

[2017-10-12 17:35:10] header: 
Array
(
    [0] => Appkey: 4ab8daeac32c2f8d119076956c997bba
    [1] => Nonce: sfpxhv23zyk#^8wrj5)q
    [2] => CurTime: 1507800910
    [3] => CheckSum: 1f1d39232d64b7182f033d81f9f19b9ee45d6ea8
    [4] => content-type: application/x-www-form-urlencoded; charset=UTF-8
)

body: 
Array
(
    [accid] => drGrjR2ou62qijJOouto5wm1R4W2R3oH
    [token] => mWZRsYDaTDYiBxcSrCEawrNHSW3ae7En
)

response: 
{"code":200,"info":{"token":"mWZRsYDaTDYiBxcSrCEawrNHSW3ae7En","accid":"drgrjr2ou62qijjoouto5wm1r4w2r3oh","name":""}}

[2017-10-12 17:35:39] header: 
Array
(
    [0] => Appkey: 4ab8daeac32c2f8d119076956c997bba
    [1] => Nonce: u3^45pg_ky6e1v&q+)*j
    [2] => CurTime: 1507800939
    [3] => CheckSum: 0f6a47daed1ad728710f5a7b7294351261ab3f5a
    [4] => content-type: application/x-www-form-urlencoded; charset=UTF-8
)

body: 
Array
(
    [accid] => M2MB9Cmss6SB399Gz0M73nz3G3Zas32b
    [token] => G2W77kdHQ7hqV1v3hEzwnOe37YZLvZzV
)

response: 
{"code":200,"info":{"token":"G2W77kdHQ7hqV1v3hEzwnOe37YZLvZzV","accid":"m2mb9cmss6sb399gz0m73nz3g3zas32b","name":""}}

[2017-10-12 17:36:32] header: 
Array
(
    [0] => Appkey: 4ab8daeac32c2f8d119076956c997bba
    [1] => Nonce: cfa7_1l&b*8)qg^xsu40
    [2] => CurTime: 1507800991
    [3] => CheckSum: a2643238dea7d17ce37bd4117bf361099bf5e7ff
    [4] => content-type: application/x-www-form-urlencoded; charset=UTF-8
)

body: 
Array
(
    [accid] => tKkCpVCSC8NOPZbvgcOSps88mBGKbCgd
    [token] => VhED22D56hZX628235OZ5e35EH2Z8p5X
)

response: 
{"code":200,"info":{"token":"VhED22D56hZX628235OZ5e35EH2Z8p5X","accid":"tkkcpvcsc8nopzbvgcosps88mbgkbcgd","name":""}}

[2017-10-12 17:36:39] header: 
Array
(
    [0] => Appkey: 4ab8daeac32c2f8d119076956c997bba
    [1] => Nonce: tp~3yrh6ji)8x47skod!
    [2] => CurTime: 1507800999
    [3] => CheckSum: 3de3e3d5cdb4c82230084554ac4d89d753d4c4c8
    [4] => content-type: application/x-www-form-urlencoded; charset=UTF-8
)

body: 
Array
(
    [accid] => Gyn4lw2WACacCwlYCwpWZklsWCll2Db2
    [token] => AI0Zrvn6RkvIrvCPNRnMrk6n0B068NGN
)

response: 
{"code":200,"info":{"token":"AI0Zrvn6RkvIrvCPNRnMrk6n0B068NGN","accid":"gyn4lw2wacaccwlycwpwzklswcll2db2","name":""}}

[2017-10-12 17:37:12] header: 
Array
(
    [0] => Appkey: 4ab8daeac32c2f8d119076956c997bba
    [1] => Nonce: fuybl(04!gzq&2wn#s7~
    [2] => CurTime: 1507801031
    [3] => CheckSum: 8b64e8f8f42d5212b62f3930f24f66ed2156dd23
    [4] => content-type: application/x-www-form-urlencoded; charset=UTF-8
)

body: 
Array
(
    [accid] => r5MU5Nw5Xc5cH6CWsfcpwAzU358CCphN
    [token] => fYmC2yUFUyY3Ic510z5a8hczOyj3mio5
)

response: 
{"code":200,"info":{"token":"fYmC2yUFUyY3Ic510z5a8hczOyj3mio5","accid":"r5mu5nw5xc5ch6cwsfcpwazu358ccphn","name":""}}

[2017-10-12 17:37:54] header: 
Array
(
    [0] => Appkey: 4ab8daeac32c2f8d119076956c997bba
    [1] => Nonce: 2di_orb%mp7z^~tw$*g!
    [2] => CurTime: 1507801074
    [3] => CheckSum: e8f7fe7d858c3cc78894c20ef935ae82512a5b06
    [4] => content-type: application/x-www-form-urlencoded; charset=UTF-8
)

body: 
Array
(
    [accid] => o5h1XAGC04MUe5M3Almfc2lca4414g32
    [token] => E5Q0P4Pq626q22PUp25kIp0iakK2tVKp
)

response: 
{"code":200,"info":{"token":"E5Q0P4Pq626q22PUp25kIp0iakK2tVKp","accid":"o5h1xagc04mue5m3almfc2lca4414g32","name":""}}

[2017-10-12 17:38:32] header: 
Array
(
    [0] => Appkey: 4ab8daeac32c2f8d119076956c997bba
    [1] => Nonce: s)fnay^pizb$192*70c8
    [2] => CurTime: 1507801112
    [3] => CheckSum: 8ca776faa60987f7514e3dcdaf93fe798f7e2254
    [4] => content-type: application/x-www-form-urlencoded; charset=UTF-8
)

body: 
Array
(
    [accid] => Mi4d5dcc622VEC5c12xcXL5H6x06yxJL
    [token] => qiefFAcIUaeJAcnxjEO0m0u9QcUzIoer
)

response: 
{"code":200,"info":{"token":"qiefFAcIUaeJAcnxjEO0m0u9QcUzIoer","accid":"mi4d5dcc622vec5c12xcxl5h6x06yxjl","name":""}}

[2017-10-12 17:39:24] header: 
Array
(
    [0] => Appkey: 4ab8daeac32c2f8d119076956c997bba
    [1] => Nonce: uqwg_c4y)f&o+zx5v#a1
    [2] => CurTime: 1507801164
    [3] => CheckSum: ca18d0bfec0494a777cb6be7e8146600f19c43ce
    [4] => content-type: application/x-www-form-urlencoded; charset=UTF-8
)

body: 
Array
(
    [accid] => dP03u63q0Suk0Pd1s36L30PdGTQ360ds
    [token] => Xo0384gn2SH8Fsg0g8Z8hF38w8s23z86
)

response: 
{"code":200,"info":{"token":"Xo0384gn2SH8Fsg0g8Z8hF38w8s23z86","accid":"dp03u63q0suk0pd1s36l30pdgtq360ds","name":""}}

[2017-10-12 17:42:05] header: 
Array
(
    [0] => Appkey: 4ab8daeac32c2f8d119076956c997bba
    [1] => Nonce: ~24(f_u5s8pkr$9n&bxy
    [2] => CurTime: 1507801324
    [3] => CheckSum: 839c25ab0573b115af62ce58564d64fdbe8f4f8f
    [4] => content-type: application/x-www-form-urlencoded; charset=UTF-8
)

body: 
Array
(
    [accid] => AQJ2z2gGGp1So1SR25r8R6swS2s78ZRy
    [token] => m2TweRYITyQ9WrvnNvHrNeZrQ8HO821r
)

response: 
{"code":200,"info":{"token":"m2TweRYITyQ9WrvnNvHrNeZrQ8HO821r","accid":"aqj2z2gggp1so1sr25r8r6sws2s78zry","name":""}}

[2017-10-12 18:10:00] header: 
Array
(
    [0] => Appkey: 4ab8daeac32c2f8d119076956c997bba
    [1] => Nonce: o)1l7h52x3$ps!*a~q0f
    [2] => CurTime: 1507802999
    [3] => CheckSum: 844f24c99bdd515fe99447ffc099eb94c1d7ab61
    [4] => content-type: application/x-www-form-urlencoded; charset=UTF-8
)

body: 
Array
(
    [accid] => IC03C3VZ9zSiV11IVe651I805V11iJEC
    [token] => jIOAq0Kd98IMqMsbJdMOsmBjIbK4iAPk
)

response: 
{"code":200,"info":{"token":"jIOAq0Kd98IMqMsbJdMOsmBjIbK4iAPk","accid":"ic03c3vz9zsiv11ive651i805v11ijec","name":""}}

[2017-10-12 19:43:20] header: 
Array
(
    [0] => Appkey: 4ab8daeac32c2f8d119076956c997bba
    [1] => Nonce: hw!&#px^obt$3cif_09g
    [2] => CurTime: 1507808599
    [3] => CheckSum: ae3e1a476ca62215c57d958cd88025bd1c39cc9e
    [4] => content-type: application/x-www-form-urlencoded; charset=UTF-8
)

body: 
Array
(
    [accid] => jFTElphWdiLyw2fWIW62m2pdDKztwtZY
    [token] => Jjm225207AQ0nha85ULv7UOAq7ZqlhA7
)

response: 
{"code":200,"info":{"token":"Jjm225207AQ0nha85ULv7UOAq7ZqlhA7","accid":"jftelphwdilyw2fwiw62m2pddkztwtzy","name":""}}

[2017-10-13 14:01:11] header: 
Array
(
    [0] => Appkey: 4ab8daeac32c2f8d119076956c997bba
    [1] => Nonce: %^$wdk*y+&j94q8zpofe
    [2] => CurTime: 1507874471
    [3] => CheckSum: f2c2a0ebbd2b88202dc3647056fff6971a67a2ed
    [4] => content-type: application/x-www-form-urlencoded; charset=UTF-8
)

body: 
Array
(
    [accid] => KtqGG5SjJziWwIjoJ1J4g57SJstwS4JS
    [token] => tT4th1hKWpp55k4u1Wu4hTu4tU1hvG1H
)

response: 
{"code":200,"info":{"token":"tT4th1hKWpp55k4u1Wu4hTu4tU1hvG1H","accid":"ktqgg5sjjziwwijoj1j4g57sjstws4js","name":""}}

[2017-10-13 15:08:15] header: 
Array
(
    [0] => Appkey: 4ab8daeac32c2f8d119076956c997bba
    [1] => Nonce: g#d8c(m42ia3ho+v~b^&
    [2] => CurTime: 1507878494
    [3] => CheckSum: 3acf5b99609025191419cb5454d63944964d1d62
    [4] => content-type: application/x-www-form-urlencoded; charset=UTF-8
)

body: 
Array
(
    [accid] => Ki6ur5ks6rH76mSk5HG64GFWFr76VG4s
    [token] => Omsw488k0K43sWpdu703WuU0PQK7m44n
)

response: 
{"code":200,"info":{"token":"Omsw488k0K43sWpdu703WuU0PQK7m44n","accid":"ki6ur5ks6rh76msk5hg64gfwfr76vg4s","name":""}}

[2017-10-13 15:08:19] header: 
Array
(
    [0] => Appkey: 4ab8daeac32c2f8d119076956c997bba
    [1] => Nonce: wfn$!hg9)bl_su*yo~(7
    [2] => CurTime: 1507878499
    [3] => CheckSum: 8b4a2c7a6a42ba022ae4e18366a05b34409fa171
    [4] => content-type: application/x-www-form-urlencoded; charset=UTF-8
)

body: 
Array
(
    [accid] => fpMqZKPoa3d9SnR2aqRSskmSqAamQ97a
    [token] => QRJuU811G0tw4rYT12t9WtyyjGdD4n80
)

response: 
{"code":200,"info":{"token":"QRJuU811G0tw4rYT12t9WtyyjGdD4n80","accid":"fpmqzkpoa3d9snr2aqrsskmsqaamq97a","name":""}}

[2017-10-13 15:09:28] header: 
Array
(
    [0] => Appkey: 4ab8daeac32c2f8d119076956c997bba
    [1] => Nonce: f9g35v0m*xu1hr$!o#dj
    [2] => CurTime: 1507878567
    [3] => CheckSum: 03acf986d88574f5d04717106b8882288843b20f
    [4] => content-type: application/x-www-form-urlencoded; charset=UTF-8
)

body: 
Array
(
    [accid] => TDcI590GiEKv64Is3VzZw9C5CE5x3kKR
    [token] => OBKqePmqmIem56Ms6ibp651MZS1M6Ep1
)

response: 
{"code":200,"info":{"token":"OBKqePmqmIem56Ms6ibp651MZS1M6Ep1","accid":"tdci590giekv64is3vzzw9c5ce5x3kkr","name":""}}

[2017-10-13 15:10:01] header: 
Array
(
    [0] => Appkey: 4ab8daeac32c2f8d119076956c997bba
    [1] => Nonce: nd_7+bv%zf0qc(mp!#e8
    [2] => CurTime: 1507878601
    [3] => CheckSum: 105bebcc5fe6552e0f08a16ff5021c47a8346ba3
    [4] => content-type: application/x-www-form-urlencoded; charset=UTF-8
)

body: 
Array
(
    [accid] => k61A0Lf65F26EllILFbD212U6dZ3ffaZ
    [token] => Vl9wJ9dXD6kvWwIiiAJI8IcwRwnairrW
)

response: 
{"code":200,"info":{"token":"Vl9wJ9dXD6kvWwIiiAJI8IcwRwnairrW","accid":"k61a0lf65f26ellilfbd212u6dz3ffaz","name":""}}

[2017-10-13 15:10:03] header: 
Array
(
    [0] => Appkey: 4ab8daeac32c2f8d119076956c997bba
    [1] => Nonce: qpa%m$f0j7(nk^c6yr2o
    [2] => CurTime: 1507878603
    [3] => CheckSum: 74dbe59b9500161d34a2ab1ebf38d29d1aa62280
    [4] => content-type: application/x-www-form-urlencoded; charset=UTF-8
)

body: 
Array
(
    [accid] => dkPNMnmp822GJNmIm6Kp3h6nKzpNf332
    [token] => Lb9h3IGVHzCyg33bz9H3Gg3Y99ViGcg9
)

response: 
{"code":200,"info":{"token":"Lb9h3IGVHzCyg33bz9H3Gg3Y99ViGcg9","accid":"dkpnmnmp822gjnmim6kp3h6nkzpnf332","name":""}}

[2017-10-13 15:10:21] header: 
Array
(
    [0] => Appkey: 4ab8daeac32c2f8d119076956c997bba
    [1] => Nonce: 2q8rheit49lj+dn0bv$p
    [2] => CurTime: 1507878621
    [3] => CheckSum: a2bd56cb2200eb1b177a51a0d898f421050fbd67
    [4] => content-type: application/x-www-form-urlencoded; charset=UTF-8
)

body: 
Array
(
    [accid] => EgnfWdDDPB9NDLApNNpLBpCcIpuGozpb
    [token] => b8ljdCs80JIJk0dmOsGdzzJSjkHDD8s1
)

response: 
{"code":200,"info":{"token":"b8ljdCs80JIJk0dmOsGdzzJSjkHDD8s1","accid":"egnfwdddpb9ndlapnnplbpccipugozpb","name":""}}

[2017-10-13 15:11:33] header: 
Array
(
    [0] => Appkey: 4ab8daeac32c2f8d119076956c997bba
    [1] => Nonce: a_1gwni)j$34cy0rp2(m
    [2] => CurTime: 1507878692
    [3] => CheckSum: 1666f1cb0fa9e21f69fe50de7d527bd3a9de2826
    [4] => content-type: application/x-www-form-urlencoded; charset=UTF-8
)

body: 
Array
(
    [accid] => X4b796qQtt4Tjq6Y59zZ721266Ys5l14
    [token] => oqjj260qqpB0zaQnybQaaN2PNDP3A3p7
)

response: 
{"code":200,"info":{"token":"oqjj260qqpB0zaQnybQaaN2PNDP3A3p7","accid":"x4b796qqtt4tjq6y59zz721266ys5l14","name":""}}

[2017-10-13 15:13:15] header: 
Array
(
    [0] => Appkey: 4ab8daeac32c2f8d119076956c997bba
    [1] => Nonce: o6^c)(ne7ah82g*$ruz~
    [2] => CurTime: 1507878795
    [3] => CheckSum: 00293000e963a9ada00b403109cd87c1cd3f74d2
    [4] => content-type: application/x-www-form-urlencoded; charset=UTF-8
)

body: 
Array
(
    [accid] => QoQf2332dItfZE34mHW92We4eeElelre
    [token] => d08qESV6fh6bK9sPpzg1Svo9Gv1qjTB8
)

response: 
{"code":200,"info":{"token":"d08qESV6fh6bK9sPpzg1Svo9Gv1qjTB8","accid":"qoqf2332ditfze34mhw92we4eeelelre","name":""}}

[2017-10-13 15:13:31] header: 
Array
(
    [0] => Appkey: 4ab8daeac32c2f8d119076956c997bba
    [1] => Nonce: 5enp^!14xiwbt_ajd+co
    [2] => CurTime: 1507878811
    [3] => CheckSum: 92bf37de2d216226d7791377aac06070f8257417
    [4] => content-type: application/x-www-form-urlencoded; charset=UTF-8
)

body: 
Array
(
    [accid] => jyUbqq19Irq9GIrRSYiZ9UYi2iYqJB9y
    [token] => JdHdSJNpjS344N4dBuSTSMJp4344Dy4n
)

response: 
{"code":200,"info":{"token":"JdHdSJNpjS344N4dBuSTSMJp4344Dy4n","accid":"jyubqq19irq9girrsyiz9uyi2iyqjb9y","name":""}}

[2017-10-13 15:17:48] header: 
Array
(
    [0] => Appkey: 4ab8daeac32c2f8d119076956c997bba
    [1] => Nonce: %s_#w5$bja)079lrpg3o
    [2] => CurTime: 1507879068
    [3] => CheckSum: ddbc9525ea804cd974d189405c4db0f85aa8ee02
    [4] => content-type: application/x-www-form-urlencoded; charset=UTF-8
)

body: 
Array
(
    [accid] => PW1S7p11DbbbJPiI1c61PCP1A1A1PPii
    [token] => gq0knNq04Cpec0C0Z04QRCcScnmC0qR4
)

response: 
{"code":200,"info":{"token":"gq0knNq04Cpec0C0Z04QRCcScnmC0qR4","accid":"pw1s7p11dbbbjpii1c61pcp1a1a1ppii","name":""}}

[2017-10-13 15:49:07] header: 
Array
(
    [0] => Appkey: 4ab8daeac32c2f8d119076956c997bba
    [1] => Nonce: lf785na092k%i3*#v(mb
    [2] => CurTime: 1507880946
    [3] => CheckSum: 41fc4a6dc17626dad9748e2dd033b8fb82a9dcfd
    [4] => content-type: application/x-www-form-urlencoded; charset=UTF-8
)

body: 
Array
(
    [accid] => jyUbqq19Irq9GIrRSYiZ9UYi2iYqJB9y
    [name] => 雨天
    [icon] => http://192.168.1.106/data/plat/201710/13/154840cnsn48jamaheawp1.jpg
)

response: 
{"code":200}

[2017-10-13 15:50:06] header: 
Array
(
    [0] => Appkey: 4ab8daeac32c2f8d119076956c997bba
    [1] => Nonce: )xk(ab4m_j#%*&+~i!yh
    [2] => CurTime: 1507881006
    [3] => CheckSum: f7131f9ecd163bd19e9cdf8d3f689024771079fd
    [4] => content-type: application/x-www-form-urlencoded; charset=UTF-8
)

body: 
Array
(
    [accid] => fpMqZKPoa3d9SnR2aqRSskmSqAamQ97a
    [name] => 
    [icon] => http://192.168.1.106/
)

response: 
{"code":200}

[2017-10-13 15:50:08] header: 
Array
(
    [0] => Appkey: 4ab8daeac32c2f8d119076956c997bba
    [1] => Nonce: ^uqdk79x6+%0#z!(ocj~
    [2] => CurTime: 1507881007
    [3] => CheckSum: 37db86b267cded08b507ca364b17e76c6634bdd2
    [4] => content-type: application/x-www-form-urlencoded; charset=UTF-8
)

body: 
Array
(
    [accid] => fpMqZKPoa3d9SnR2aqRSskmSqAamQ97a
    [name] => 
    [icon] => http://192.168.1.106/
)

response: 
{"code":200}

[2017-10-13 15:50:30] header: 
Array
(
    [0] => Appkey: 4ab8daeac32c2f8d119076956c997bba
    [1] => Nonce: 0t6q^)g%ki#zunaecb1&
    [2] => CurTime: 1507881030
    [3] => CheckSum: d25f0f1b9d36215b720a539cc9619128149f39e1
    [4] => content-type: application/x-www-form-urlencoded; charset=UTF-8
)

body: 
Array
(
    [accid] => QoQf2332dItfZE34mHW92We4eeElelre
    [name] => 许伟
    [icon] => http://192.168.1.106/data/plat/201710/13/155001w20an2l9no9azl99.png
)

response: 
{"code":200}

[2017-10-13 15:50:37] header: 
Array
(
    [0] => Appkey: 4ab8daeac32c2f8d119076956c997bba
    [1] => Nonce: j9uwb)1i02p83k!voa6(
    [2] => CurTime: 1507881037
    [3] => CheckSum: ee3fcea56562d0f72b17663a61e6ffcdd7346146
    [4] => content-type: application/x-www-form-urlencoded; charset=UTF-8
)

body: 
Array
(
    [accid] => QoQf2332dItfZE34mHW92We4eeElelre
    [name] => 许伟
    [icon] => http://192.168.1.106/data/plat/201710/13/155001w20an2l9no9azl99.png
)

response: 
{"code":200}

[2017-10-13 15:50:38] header: 
Array
(
    [0] => Appkey: 4ab8daeac32c2f8d119076956c997bba
    [1] => Nonce: g#ro7v~+9_)l3%n62a0b
    [2] => CurTime: 1507881038
    [3] => CheckSum: 5912f5aac8c327fbe70fb0ecde7b287dcfa4dbbb
    [4] => content-type: application/x-www-form-urlencoded; charset=UTF-8
)

body: 
Array
(
    [accid] => k61A0Lf65F26EllILFbD212U6dZ3ffaZ
    [name] => B5
    [icon] => http://192.168.1.106/
)

response: 
{"code":200}

[2017-10-13 15:50:43] header: 
Array
(
    [0] => Appkey: 4ab8daeac32c2f8d119076956c997bba
    [1] => Nonce: 17iy8wx)oj0nz$6g*!%^
    [2] => CurTime: 1507881042
    [3] => CheckSum: 0cf1678853852dbe2ab6ae367fed67a046bb589f
    [4] => content-type: application/x-www-form-urlencoded; charset=UTF-8
)

body: 
Array
(
    [accid] => QoQf2332dItfZE34mHW92We4eeElelre
    [name] => 许伟
    [icon] => http://192.168.1.106/data/plat/201710/13/155001w20an2l9no9azl99.png
)

response: 
{"code":200}

[2017-10-13 15:50:46] header: 
Array
(
    [0] => Appkey: 4ab8daeac32c2f8d119076956c997bba
    [1] => Nonce: f^p&)*9n!xvqdl32hm$+
    [2] => CurTime: 1507881046
    [3] => CheckSum: 081ffd49dc36bca2468a078e1396dc629f16fe76
    [4] => content-type: application/x-www-form-urlencoded; charset=UTF-8
)

body: 
Array
(
    [accid] => QoQf2332dItfZE34mHW92We4eeElelre
    [name] => 许伟
    [icon] => http://192.168.1.106/data/plat/201710/13/155001w20an2l9no9azl99.png
)

response: 
{"code":200}

[2017-10-13 15:50:48] header: 
Array
(
    [0] => Appkey: 4ab8daeac32c2f8d119076956c997bba
    [1] => Nonce: vcfp!3mxow$qbs74d0aj
    [2] => CurTime: 1507881047
    [3] => CheckSum: e5904c0a50ef4da960aaef3dd15f6a25839623c5
    [4] => content-type: application/x-www-form-urlencoded; charset=UTF-8
)

body: 
Array
(
    [accid] => k61A0Lf65F26EllILFbD212U6dZ3ffaZ
    [name] => B5
    [icon] => http://192.168.1.106/data/plat/201710/13/155044bbvic3pvgkgizgb2.jpeg
)

response: 
{"code":200}

[2017-10-13 15:50:59] header: 
Array
(
    [0] => Appkey: 4ab8daeac32c2f8d119076956c997bba
    [1] => Nonce: 0x+ebdagsn5c%&k^tzl#
    [2] => CurTime: 1507881058
    [3] => CheckSum: 5cb78cc24d81a77d4176ad16299fdfcf45b7084a
    [4] => content-type: application/x-www-form-urlencoded; charset=UTF-8
)

body: 
Array
(
    [accid] => Ki6ur5ks6rH76mSk5HG64GFWFr76VG4s
    [name] => 不语
    [icon] => http://192.168.1.106/data/plat/201710/13/155047drmiv1n1fl1piiyi.png
)

response: 
{"code":200}

[2017-10-13 15:51:14] header: 
Array
(
    [0] => Appkey: 4ab8daeac32c2f8d119076956c997bba
    [1] => Nonce: yljv(o!r#0z$~cs^6h%+
    [2] => CurTime: 1507881074
    [3] => CheckSum: 6a422b34dba3ed1a57b3e0481bc408b07f05d75c
    [4] => content-type: application/x-www-form-urlencoded; charset=UTF-8
)

body: 
Array
(
    [accid] => EgnfWdDDPB9NDLApNNpLBpCcIpuGozpb
    [name] => B1
    [icon] => http://192.168.1.106/data/plat/201710/13/154958atsv1vpbrr347dvh.jpg
)

response: 
{"code":200}

[2017-10-13 15:51:18] header: 
Array
(
    [0] => Appkey: 4ab8daeac32c2f8d119076956c997bba
    [1] => Nonce: %kbxvc26h0oi8s$ryzn1
    [2] => CurTime: 1507881078
    [3] => CheckSum: f2bdb57f11b67072ba5493da7add57079b1062a1
    [4] => content-type: application/x-www-form-urlencoded; charset=UTF-8
)

body: 
Array
(
    [accid] => EgnfWdDDPB9NDLApNNpLBpCcIpuGozpb
    [name] => B1
    [icon] => http://192.168.1.106/data/plat/201710/13/154958atsv1vpbrr347dvh.jpg
)

response: 
{"code":200}

[2017-10-13 15:51:22] header: 
Array
(
    [0] => Appkey: 4ab8daeac32c2f8d119076956c997bba
    [1] => Nonce: s3odti97m^jv5_(uwp~#
    [2] => CurTime: 1507881082
    [3] => CheckSum: 48d6310027b12f91a96d27fbf05f210f35df3e46
    [4] => content-type: application/x-www-form-urlencoded; charset=UTF-8
)

body: 
Array
(
    [accid] => EgnfWdDDPB9NDLApNNpLBpCcIpuGozpb
    [name] => B1
    [icon] => http://192.168.1.106/data/plat/201710/13/154958atsv1vpbrr347dvh.jpg
)

response: 
{"code":200}

[2017-10-13 15:51:24] header: 
Array
(
    [0] => Appkey: 4ab8daeac32c2f8d119076956c997bba
    [1] => Nonce: ak(8x%4bu2tm&r7)^~on
    [2] => CurTime: 1507881084
    [3] => CheckSum: 61dd3afcf92f52ec2e0bd457f4472297e852b279
    [4] => content-type: application/x-www-form-urlencoded; charset=UTF-8
)

body: 
Array
(
    [accid] => k61A0Lf65F26EllILFbD212U6dZ3ffaZ
    [name] => B5
    [icon] => http://192.168.1.106/data/plat/201710/13/155044bbvic3pvgkgizgb2.jpeg
)

response: 
{"code":200}

[2017-10-13 15:51:26] header: 
Array
(
    [0] => Appkey: 4ab8daeac32c2f8d119076956c997bba
    [1] => Nonce: 31!02vyjs6ofp*+nirb9
    [2] => CurTime: 1507881085
    [3] => CheckSum: 02e8ff6fe2e12f2aaa28e04cc40fc3d18474965e
    [4] => content-type: application/x-www-form-urlencoded; charset=UTF-8
)

body: 
Array
(
    [accid] => jyUbqq19Irq9GIrRSYiZ9UYi2iYqJB9y
    [name] => 雨天
    [icon] => http://192.168.1.106/data/plat/201710/13/154840cnsn48jamaheawp1.jpg
)

response: 
{"code":200}

[2017-10-13 15:51:26] header: 
Array
(
    [0] => Appkey: 4ab8daeac32c2f8d119076956c997bba
    [1] => Nonce: $tvo926^#uk(zhwqe8s3
    [2] => CurTime: 1507881086
    [3] => CheckSum: cfae8e8352111c84bb65e9099da36c76754a67cc
    [4] => content-type: application/x-www-form-urlencoded; charset=UTF-8
)

body: 
Array
(
    [accid] => EgnfWdDDPB9NDLApNNpLBpCcIpuGozpb
    [name] => B1
    [icon] => http://192.168.1.106/data/plat/201710/13/154958atsv1vpbrr347dvh.jpg
)

response: 
{"code":200}

[2017-10-13 15:51:28] header: 
Array
(
    [0] => Appkey: 4ab8daeac32c2f8d119076956c997bba
    [1] => Nonce: 0m)%rp(^tx4f_a9quo2h
    [2] => CurTime: 1507881088
    [3] => CheckSum: f9371e769ad72a9a435444c7b2a121146796abf3
    [4] => content-type: application/x-www-form-urlencoded; charset=UTF-8
)

body: 
Array
(
    [accid] => Ki6ur5ks6rH76mSk5HG64GFWFr76VG4s
    [name] => 不语
    [icon] => http://192.168.1.106/data/plat/201710/13/155047drmiv1n1fl1piiyi.png
)

response: 
{"code":200}

[2017-10-13 15:51:28] header: 
Array
(
    [0] => Appkey: 4ab8daeac32c2f8d119076956c997bba
    [1] => Nonce: yz3b(xhjc%9k76~5vea!
    [2] => CurTime: 1507881088
    [3] => CheckSum: 8b541a26f880cf933a1dc998f098328249ae604d
    [4] => content-type: application/x-www-form-urlencoded; charset=UTF-8
)

body: 
Array
(
    [accid] => k61A0Lf65F26EllILFbD212U6dZ3ffaZ
    [name] => B5
    [icon] => http://192.168.1.106/data/plat/201710/13/155044bbvic3pvgkgizgb2.jpeg
)

response: 
{"code":200}

[2017-10-13 15:51:29] header: 
Array
(
    [0] => Appkey: 4ab8daeac32c2f8d119076956c997bba
    [1] => Nonce: e+qu2fcrpsb7$z#_vx(4
    [2] => CurTime: 1507881089
    [3] => CheckSum: 803288517bc20bfab2488ee0735223b0a3e4d050
    [4] => content-type: application/x-www-form-urlencoded; charset=UTF-8
)

body: 
Array
(
    [accid] => jyUbqq19Irq9GIrRSYiZ9UYi2iYqJB9y
    [name] => 雨天
    [icon] => http://192.168.1.106/data/plat/201710/13/154840cnsn48jamaheawp1.jpg
)

response: 
{"code":200}

[2017-10-13 15:51:30] header: 
Array
(
    [0] => Appkey: 4ab8daeac32c2f8d119076956c997bba
    [1] => Nonce: irxnm~sk$de7_t6jc+vl
    [2] => CurTime: 1507881090
    [3] => CheckSum: 450c56ba9cd1503bb24edb24f0c2af3c0cbd9d3d
    [4] => content-type: application/x-www-form-urlencoded; charset=UTF-8
)

body: 
Array
(
    [accid] => X4b796qQtt4Tjq6Y59zZ721266Ys5l14
    [name] => 豆包包
    [icon] => http://192.168.1.106/data/plat/201710/13/155117jitt9xi8xgzgxg3x.jpg
)

response: 
{"code":200}

[2017-10-13 15:51:33] header: 
Array
(
    [0] => Appkey: 4ab8daeac32c2f8d119076956c997bba
    [1] => Nonce: x8p79rnyk1vm+4s5_az$
    [2] => CurTime: 1507881093
    [3] => CheckSum: 60a9b33431163743abc1c16ebe042a5bd51f14bc
    [4] => content-type: application/x-www-form-urlencoded; charset=UTF-8
)

body: 
Array
(
    [accid] => fpMqZKPoa3d9SnR2aqRSskmSqAamQ97a
    [name] => 人生而有命
    [icon] => http://192.168.1.106/data/plat/201710/13/155057mw0tx6oth7x7xjkk.png
)

response: 
{"code":200}

[2017-10-13 15:51:34] header: 
Array
(
    [0] => Appkey: 4ab8daeac32c2f8d119076956c997bba
    [1] => Nonce: )05ntwck$b_s91va^8~e
    [2] => CurTime: 1507881094
    [3] => CheckSum: 5584d2fa2d9122e408167bd3bfa4f5b2ace9d211
    [4] => content-type: application/x-www-form-urlencoded; charset=UTF-8
)

body: 
Array
(
    [accid] => fpMqZKPoa3d9SnR2aqRSskmSqAamQ97a
    [name] => 人生而有命
    [icon] => http://192.168.1.106/data/plat/201710/13/155057mw0tx6oth7x7xjkk.png
)

response: 
{"code":200}

[2017-10-13 15:51:35] header: 
Array
(
    [0] => Appkey: 4ab8daeac32c2f8d119076956c997bba
    [1] => Nonce: c385&7*q0zm^v~!ta9i%
    [2] => CurTime: 1507881095
    [3] => CheckSum: 3123ee45792d74c511815c291677668669df02ee
    [4] => content-type: application/x-www-form-urlencoded; charset=UTF-8
)

body: 
Array
(
    [accid] => X4b796qQtt4Tjq6Y59zZ721266Ys5l14
    [name] => 豆包包
    [icon] => http://192.168.1.106/data/plat/201710/13/155117jitt9xi8xgzgxg3x.jpg
)

response: 
{"code":200}

[2017-10-13 15:51:41] header: 
Array
(
    [0] => Appkey: 4ab8daeac32c2f8d119076956c997bba
    [1] => Nonce: $2t9p3)4zv*dre8cqio(
    [2] => CurTime: 1507881100
    [3] => CheckSum: fc14d31503ba20b70f76e3207354ab486c24521b
    [4] => content-type: application/x-www-form-urlencoded; charset=UTF-8
)

body: 
Array
(
    [accid] => QoQf2332dItfZE34mHW92We4eeElelre
    [name] => 许伟
    [icon] => http://192.168.1.106/data/plat/201710/13/155001w20an2l9no9azl99.png
)

response: 
{"code":200}

[2017-10-13 15:51:58] header: 
Array
(
    [0] => Appkey: 4ab8daeac32c2f8d119076956c997bba
    [1] => Nonce: t(8reijgm3~l1!nqxkp4
    [2] => CurTime: 1507881118
    [3] => CheckSum: 84f358116be0d6bec15dcb2a701fea8d158c7f19
    [4] => content-type: application/x-www-form-urlencoded; charset=UTF-8
)

body: 
Array
(
    [accid] => k61A0Lf65F26EllILFbD212U6dZ3ffaZ
    [name] => 66666
    [icon] => http://192.168.1.106/data/plat/201710/13/155044bbvic3pvgkgizgb2.jpeg
)

response: 
{"code":200}

[2017-10-13 15:52:19] header: 
Array
(
    [0] => Appkey: 4ab8daeac32c2f8d119076956c997bba
    [1] => Nonce: (86t~9qepu&m)ao40nr!
    [2] => CurTime: 1507881139
    [3] => CheckSum: 83051f30d97d472101c18f9955210ff05176428c
    [4] => content-type: application/x-www-form-urlencoded; charset=UTF-8
)

body: 
Array
(
    [accid] => X4b796qQtt4Tjq6Y59zZ721266Ys5l14
    [name] => 豆包包
    [icon] => http://192.168.1.106/data/plat/201710/13/155117jitt9xi8xgzgxg3x.jpg
)

response: 
{"code":200}

[2017-10-13 15:52:21] header: 
Array
(
    [0] => Appkey: 4ab8daeac32c2f8d119076956c997bba
    [1] => Nonce: 3wsx8zo!492dnft#$7)v
    [2] => CurTime: 1507881141
    [3] => CheckSum: b09ba142fc98f594c7ff3417a5e31fbef42cda6f
    [4] => content-type: application/x-www-form-urlencoded; charset=UTF-8
)

body: 
Array
(
    [accid] => jyUbqq19Irq9GIrRSYiZ9UYi2iYqJB9y
    [name] => 雨天范德萨发大水范德萨范德萨范德萨范德萨发大水
    [icon] => http://192.168.1.106/data/plat/201710/13/155139zoqho39oooehnhvk.jpg
)

response: 
{"code":200}

[2017-10-13 15:52:25] header: 
Array
(
    [0] => Appkey: 4ab8daeac32c2f8d119076956c997bba
    [1] => Nonce: nomgxz*91vy6&8s%$qjh
    [2] => CurTime: 1507881144
    [3] => CheckSum: d6741cfdd6c80722e217f4ec70b257179e65dd97
    [4] => content-type: application/x-www-form-urlencoded; charset=UTF-8
)

body: 
Array
(
    [accid] => Ki6ur5ks6rH76mSk5HG64GFWFr76VG4s
    [name] => 不语
    [icon] => http://192.168.1.106/data/plat/201710/13/155047drmiv1n1fl1piiyi.png
)

response: 
{"code":200}

[2017-10-13 15:52:38] header: 
Array
(
    [0] => Appkey: 4ab8daeac32c2f8d119076956c997bba
    [1] => Nonce: b_5j*r3qpe6dnlw$90kh
    [2] => CurTime: 1507881157
    [3] => CheckSum: 52aaca5396dee4b6ffc8314aa57ce563a9154e15
    [4] => content-type: application/x-www-form-urlencoded; charset=UTF-8
)

body: 
Array
(
    [accid] => PW1S7p11DbbbJPiI1c61PCP1A1A1PPii
    [name] => 泗洪小飞哥
    [icon] => http://192.168.1.106/
)

response: 
{"code":200}

[2017-10-13 15:52:53] header: 
Array
(
    [0] => Appkey: 4ab8daeac32c2f8d119076956c997bba
    [1] => Nonce: 549djznpv8rx!f#&_seg
    [2] => CurTime: 1507881173
    [3] => CheckSum: 483e226ebbd42602e07fd12197e9084d9cc02ad6
    [4] => content-type: application/x-www-form-urlencoded; charset=UTF-8
)

body: 
Array
(
    [accid] => EgnfWdDDPB9NDLApNNpLBpCcIpuGozpb
    [name] => B1
    [icon] => http://192.168.1.106/data/plat/201710/13/154958atsv1vpbrr347dvh.jpg
)

response: 
{"code":200}

[2017-10-13 15:52:56] header: 
Array
(
    [0] => Appkey: 4ab8daeac32c2f8d119076956c997bba
    [1] => Nonce: 7afc~r%&3tx()$+unz86
    [2] => CurTime: 1507881176
    [3] => CheckSum: cff17780036b69ea26c8024d037ad6bb77ce9b77
    [4] => content-type: application/x-www-form-urlencoded; charset=UTF-8
)

body: 
Array
(
    [accid] => jyUbqq19Irq9GIrRSYiZ9UYi2iYqJB9y
    [name] => 雨天范德范德萨范德萨范德萨烦恼的撒划分好的撒合法的撒娇客户交罚款的花洒尽快恢复健康的哈斯尽快回复可见的撒谎尽快恢复健康的撒谎尽快好的房间看撒黄金开公司的饭卡kgas的快感环境肯定撒黄金开个会尽快送达开公司扩大看过撒的个
    [icon] => http://192.168.1.106/data/plat/201710/13/155139zoqho39oooehnhvk.jpg
)

response: 
{"desc":"bad name","code":414}

[2017-10-13 15:52:58] header: 
Array
(
    [0] => Appkey: 4ab8daeac32c2f8d119076956c997bba
    [1] => Nonce: 69uje!om_*0+sf4k(it8
    [2] => CurTime: 1507881177
    [3] => CheckSum: 7176fc107a22b578e58fad31ac92f569ca313284
    [4] => content-type: application/x-www-form-urlencoded; charset=UTF-8
)

body: 
Array
(
    [accid] => EgnfWdDDPB9NDLApNNpLBpCcIpuGozpb
    [name] => B1
    [icon] => http://192.168.1.106/data/plat/201710/13/154958atsv1vpbrr347dvh.jpg
)

response: 
{"code":200}

[2017-10-13 15:52:58] header: 
Array
(
    [0] => Appkey: 4ab8daeac32c2f8d119076956c997bba
    [1] => Nonce: *mtob^i7h5y9d42v)$nr
    [2] => CurTime: 1507881178
    [3] => CheckSum: 9235fce804e1fa4135f8226d5b1aa74dd9166a55
    [4] => content-type: application/x-www-form-urlencoded; charset=UTF-8
)

body: 
Array
(
    [accid] => k61A0Lf65F26EllILFbD212U6dZ3ffaZ
    [name] => 66666
    [icon] => http://192.168.1.106/data/plat/201710/13/155044bbvic3pvgkgizgb2.jpeg
)

response: 
{"code":200}

[2017-10-13 15:53:05] header: 
Array
(
    [0] => Appkey: 4ab8daeac32c2f8d119076956c997bba
    [1] => Nonce: t3g4j2*x6w#~ac)zlu$7
    [2] => CurTime: 1507881185
    [3] => CheckSum: 600dbbc6cc0a20ab2a96e112dc71fc68aefb891c
    [4] => content-type: application/x-www-form-urlencoded; charset=UTF-8
)

body: 
Array
(
    [accid] => PW1S7p11DbbbJPiI1c61PCP1A1A1PPii
    [name] => 泗洪小飞哥
    [icon] => http://192.168.1.106/data/plat/201710/13/155302sb4l9plu7uq9ct1i.jpg
)

response: 
{"code":200}

[2017-10-13 15:53:13] header: 
Array
(
    [0] => Appkey: 4ab8daeac32c2f8d119076956c997bba
    [1] => Nonce: 4x+c&yfrv$)#h9w1olj%
    [2] => CurTime: 1507881193
    [3] => CheckSum: 306db6c3ff8d1f439aae939dd86b1fc302e2a7e0
    [4] => content-type: application/x-www-form-urlencoded; charset=UTF-8
)

body: 
Array
(
    [accid] => jyUbqq19Irq9GIrRSYiZ9UYi2iYqJB9y
    [name] => 雨天
    [icon] => http://192.168.1.106/data/plat/201710/13/155139zoqho39oooehnhvk.jpg
)

response: 
{"code":200}

[2017-10-13 15:53:14] header: 
Array
(
    [0] => Appkey: 4ab8daeac32c2f8d119076956c997bba
    [1] => Nonce: ~*k96&_ca3eptxr8bn4o
    [2] => CurTime: 1507881194
    [3] => CheckSum: 1fa7002ac8f5a214383c47be16ba2fc846b2293d
    [4] => content-type: application/x-www-form-urlencoded; charset=UTF-8
)

body: 
Array
(
    [accid] => dkPNMnmp822GJNmIm6Kp3h6nKzpNf332
    [name] => B3
    [icon] => http://192.168.1.106/data/plat/201710/13/155210drb4scos9erg59dw.jpg
)

response: 
{"code":200}

[2017-10-13 15:53:30] header: 
Array
(
    [0] => Appkey: 4ab8daeac32c2f8d119076956c997bba
    [1] => Nonce: 8&i%a0rgtpchv)$f*q_4
    [2] => CurTime: 1507881210
    [3] => CheckSum: 017d4cd7cbcdbe7483f3bf4357be9b42e174f3fe
    [4] => content-type: application/x-www-form-urlencoded; charset=UTF-8
)

body: 
Array
(
    [accid] => k61A0Lf65F26EllILFbD212U6dZ3ffaZ
    [name] => 66666666666666666666666666666666666666666666666666666666666666666666666666666666666666666666666666
    [icon] => http://192.168.1.106/data/plat/201710/13/155044bbvic3pvgkgizgb2.jpeg
)

response: 
{"desc":"bad name","code":414}

[2017-10-13 15:53:34] header: 
Array
(
    [0] => Appkey: 4ab8daeac32c2f8d119076956c997bba
    [1] => Nonce: urgz5#o2t!4qyf(dsnk*
    [2] => CurTime: 1507881214
    [3] => CheckSum: 1ef3b9dad094d332dec37a4fdd5c86a7565f40ed
    [4] => content-type: application/x-www-form-urlencoded; charset=UTF-8
)

body: 
Array
(
    [accid] => X4b796qQtt4Tjq6Y59zZ721266Ys5l14
    [name] => 豆包包
    [icon] => http://192.168.1.106/data/plat/201710/13/155117jitt9xi8xgzgxg3x.jpg
)

response: 
{"code":200}

[2017-10-13 15:54:05] header: 
Array
(
    [0] => Appkey: 4ab8daeac32c2f8d119076956c997bba
    [1] => Nonce: %)v^6!9+*8cdbh32$w&f
    [2] => CurTime: 1507881245
    [3] => CheckSum: 900f558a1fb4b44f7e61b0a0f94785b9cec47a7f
    [4] => content-type: application/x-www-form-urlencoded; charset=UTF-8
)

body: 
Array
(
    [accid] => EgnfWdDDPB9NDLApNNpLBpCcIpuGozpb
    [name] => 526548485786544157878748787878787878787878784545454878787878787878788
    [icon] => http://192.168.1.106/data/plat/201710/13/155335kfasfasyo0v13vk0.jpg
)

response: 
{"desc":"bad name","code":414}

[2017-10-13 15:54:11] header: 
Array
(
    [0] => Appkey: 4ab8daeac32c2f8d119076956c997bba
    [1] => Nonce: utvr*lo2z&gh$#851yn0
    [2] => CurTime: 1507881251
    [3] => CheckSum: 3ec59ca8fd14705fbc70f6c587cda221b4169f20
    [4] => content-type: application/x-www-form-urlencoded; charset=UTF-8
)

body: 
Array
(
    [accid] => dkPNMnmp822GJNmIm6Kp3h6nKzpNf332
    [name] => B3
    [icon] => http://192.168.1.106/data/plat/201710/13/155210drb4scos9erg59dw.jpg
)

response: 
{"code":200}

[2017-10-13 15:54:34] header: 
Array
(
    [0] => Appkey: 4ab8daeac32c2f8d119076956c997bba
    [1] => Nonce: oa)1j54s$~ltc(3z2!h&
    [2] => CurTime: 1507881274
    [3] => CheckSum: 3f7a5d0961d4269883a8777658ff149c22549f07
    [4] => content-type: application/x-www-form-urlencoded; charset=UTF-8
)

body: 
Array
(
    [accid] => dkPNMnmp822GJNmIm6Kp3h6nKzpNf332
    [name] => B3
    [icon] => http://192.168.1.106/data/plat/201710/13/155210drb4scos9erg59dw.jpg
)

response: 
{"code":200}

[2017-10-13 15:54:39] header: 
Array
(
    [0] => Appkey: 4ab8daeac32c2f8d119076956c997bba
    [1] => Nonce: !m6vlp*^(u+i19f)e~d2
    [2] => CurTime: 1507881279
    [3] => CheckSum: 33dbee11432d6351e143acb0d5ab926ae71be9d2
    [4] => content-type: application/x-www-form-urlencoded; charset=UTF-8
)

body: 
Array
(
    [accid] => dkPNMnmp822GJNmIm6Kp3h6nKzpNf332
    [name] => B3
    [icon] => http://192.168.1.106/data/plat/201710/13/155210drb4scos9erg59dw.jpg
)

response: 
{"code":200}

[2017-10-13 15:54:40] header: 
Array
(
    [0] => Appkey: 4ab8daeac32c2f8d119076956c997bba
    [1] => Nonce: +m8dfa4)z0%w#&9elk!6
    [2] => CurTime: 1507881280
    [3] => CheckSum: a5e772098a04191272a94ac011927d19cc3f759d
    [4] => content-type: application/x-www-form-urlencoded; charset=UTF-8
)

body: 
Array
(
    [accid] => dkPNMnmp822GJNmIm6Kp3h6nKzpNf332
    [name] => B3
    [icon] => http://192.168.1.106/data/plat/201710/13/155210drb4scos9erg59dw.jpg
)

response: 
{"code":200}

[2017-10-13 15:55:34] header: 
Array
(
    [0] => Appkey: 4ab8daeac32c2f8d119076956c997bba
    [1] => Nonce: mh8qn*^c3)ewx2!&k1t4
    [2] => CurTime: 1507881334
    [3] => CheckSum: 076a50438c3b7c0d74e8bf8cc613ed0284520ed8
    [4] => content-type: application/x-www-form-urlencoded; charset=UTF-8
)

body: 
Array
(
    [accid] => EgnfWdDDPB9NDLApNNpLBpCcIpuGozpb
    [name] => B1
    [icon] => http://192.168.1.106/data/plat/201710/13/155335kfasfasyo0v13vk0.jpg
)

response: 
{"code":200}

[2017-10-13 15:55:46] header: 
Array
(
    [0] => Appkey: 4ab8daeac32c2f8d119076956c997bba
    [1] => Nonce: ej9mv%^bn75s*#o&)t_!
    [2] => CurTime: 1507881346
    [3] => CheckSum: 708c8d741bc50aec399f0391943c634c468d0846
    [4] => content-type: application/x-www-form-urlencoded; charset=UTF-8
)

body: 
Array
(
    [accid] => k61A0Lf65F26EllILFbD212U6dZ3ffaZ
    [name] => 666
    [icon] => http://192.168.1.106/data/plat/201710/13/155044bbvic3pvgkgizgb2.jpeg
)

response: 
{"code":200}

[2017-10-13 15:55:50] header: 
Array
(
    [0] => Appkey: 4ab8daeac32c2f8d119076956c997bba
    [1] => Nonce: m+)vwf9g(xoqdrba8*6l
    [2] => CurTime: 1507881350
    [3] => CheckSum: 1ee359e1307d83f558cd26144ca032a4856b00db
    [4] => content-type: application/x-www-form-urlencoded; charset=UTF-8
)

body: 
Array
(
    [accid] => jyUbqq19Irq9GIrRSYiZ9UYi2iYqJB9y
    [name] => 附近的卡上理解开了房间都洒了可连接开了房间的拉萨刻录机开了房间的萨克雷付款了的撒快乐发的刷卡了解付款了觉得萨克雷付款了的撒骄傲看了交罚款的了撒娇离开范德萨发的
    [icon] => http://192.168.1.106/data/plat/201710/13/155139zoqho39oooehnhvk.jpg
)

response: 
{"desc":"bad name","code":414}

[2017-10-13 15:56:10] header: 
Array
(
    [0] => Appkey: 4ab8daeac32c2f8d119076956c997bba
    [1] => Nonce: ~q6ox%b_sufr!z5np+(d
    [2] => CurTime: 1507881369
    [3] => CheckSum: 102efa2aed9407278dc99d7f1b113b972ca11ac0
    [4] => content-type: application/x-www-form-urlencoded; charset=UTF-8
)

body: 
Array
(
    [accid] => PW1S7p11DbbbJPiI1c61PCP1A1A1PPii
    [name] => 泗洪小飞哥
    [icon] => http://192.168.1.106/data/plat/201710/13/155302sb4l9plu7uq9ct1i.jpg
)

response: 
{"code":200}

[2017-10-13 15:56:37] header: 
Array
(
    [0] => Appkey: 4ab8daeac32c2f8d119076956c997bba
    [1] => Nonce: g)wqy256mt~c_%(^4ek9
    [2] => CurTime: 1507881397
    [3] => CheckSum: d91b50d56c050e65861ae68e09b16940f510a2c9
    [4] => content-type: application/x-www-form-urlencoded; charset=UTF-8
)

body: 
Array
(
    [accid] => dkPNMnmp822GJNmIm6Kp3h6nKzpNf332
    [name] => B3
    [icon] => http://192.168.1.106/data/plat/201710/13/155210drb4scos9erg59dw.jpg
)

response: 
{"code":200}

[2017-10-13 15:56:49] header: 
Array
(
    [0] => Appkey: 4ab8daeac32c2f8d119076956c997bba
    [1] => Nonce: ohzar9_ml3+x^0p#wfnd
    [2] => CurTime: 1507881409
    [3] => CheckSum: 95a3462191ce61b0154fc777f3dee1b311259a20
    [4] => content-type: application/x-www-form-urlencoded; charset=UTF-8
)

body: 
Array
(
    [accid] => dkPNMnmp822GJNmIm6Kp3h6nKzpNf332
    [name] => B3
    [icon] => http://192.168.1.106/data/plat/201710/13/155210drb4scos9erg59dw.jpg
)

response: 
{"code":200}

[2017-10-13 15:57:04] header: 
Array
(
    [0] => Appkey: 4ab8daeac32c2f8d119076956c997bba
    [1] => Nonce: ~27l*bveoy84(&+_m!6)
    [2] => CurTime: 1507881424
    [3] => CheckSum: ef1ecde6cdc9ad0e65ab75784a0b28bc818ada64
    [4] => content-type: application/x-www-form-urlencoded; charset=UTF-8
)

body: 
Array
(
    [accid] => X4b796qQtt4Tjq6Y59zZ721266Ys5l14
    [name] => 豆包包
    [icon] => http://192.168.1.106/data/plat/201710/13/155117jitt9xi8xgzgxg3x.jpg
)

response: 
{"code":200}

[2017-10-13 15:57:14] header: 
Array
(
    [0] => Appkey: 4ab8daeac32c2f8d119076956c997bba
    [1] => Nonce: o*h3bsf%p#c~14z_gq8u
    [2] => CurTime: 1507881434
    [3] => CheckSum: 5ae2a1a29824eb28fb86baa735dffb695c59e7c1
    [4] => content-type: application/x-www-form-urlencoded; charset=UTF-8
)

body: 
Array
(
    [accid] => dkPNMnmp822GJNmIm6Kp3h6nKzpNf332
    [name] => B3
    [icon] => http://192.168.1.106/data/plat/201710/13/155210drb4scos9erg59dw.jpg
)

response: 
{"code":200}

[2017-10-13 15:57:21] header: 
Array
(
    [0] => Appkey: 4ab8daeac32c2f8d119076956c997bba
    [1] => Nonce: 6$%pn5rol&vgz~_s9)ht
    [2] => CurTime: 1507881441
    [3] => CheckSum: 6fdc82221124f1064e4da6fee6115704ac2c67ab
    [4] => content-type: application/x-www-form-urlencoded; charset=UTF-8
)

body: 
Array
(
    [accid] => jyUbqq19Irq9GIrRSYiZ9UYi2iYqJB9y
    [name] => 附近的卡上理解开了房间都洒了可连接开了房间的拉萨刻录机开了房间的萨克雷付款了的撒快乐发的刷卡了解付款了觉得萨克雷付款了的撒骄傲看了交罚款的了撒娇离开范德萨发的
    [icon] => http://192.168.1.106/data/plat/201710/13/155139zoqho39oooehnhvk.jpg
)

response: 
{"desc":"bad name","code":414}

[2017-10-13 15:57:22] header: 
Array
(
    [0] => Appkey: 4ab8daeac32c2f8d119076956c997bba
    [1] => Nonce: ng%me~*a3sojcw#$!k7b
    [2] => CurTime: 1507881442
    [3] => CheckSum: a53fcbfddfc88e70dbfc42ed970ad0e8d4646fd1
    [4] => content-type: application/x-www-form-urlencoded; charset=UTF-8
)

body: 
Array
(
    [accid] => jyUbqq19Irq9GIrRSYiZ9UYi2iYqJB9y
    [name] => 附近的卡上理解开了房间都洒了可连接开了房间的拉萨刻录机开了房间的萨克雷付款了的撒快乐发的刷卡了解付款了觉得萨克雷付款了的撒骄傲看了交罚款的了撒娇离开范德萨发的
    [icon] => http://192.168.1.106/data/plat/201710/13/155139zoqho39oooehnhvk.jpg
)

response: 
{"desc":"bad name","code":414}

[2017-10-13 15:57:24] header: 
Array
(
    [0] => Appkey: 4ab8daeac32c2f8d119076956c997bba
    [1] => Nonce: fbjx9&p_g28+cqieluh0
    [2] => CurTime: 1507881444
    [3] => CheckSum: d66b1db55c82fbcb3596bf66dd8d515d66053f8e
    [4] => content-type: application/x-www-form-urlencoded; charset=UTF-8
)

body: 
Array
(
    [accid] => jyUbqq19Irq9GIrRSYiZ9UYi2iYqJB9y
    [name] => 附近的卡上理解开了房间都洒了可连接开了房间的拉萨刻录机开了房间的萨克雷付款了的撒快乐发的刷卡了解付款了觉得萨克雷付款了的撒骄傲看了交罚款的了撒娇离开范德萨发的
    [icon] => http://192.168.1.106/data/plat/201710/13/155139zoqho39oooehnhvk.jpg
)

response: 
{"desc":"bad name","code":414}

[2017-10-13 15:57:25] header: 
Array
(
    [0] => Appkey: 4ab8daeac32c2f8d119076956c997bba
    [1] => Nonce: k)q8%t$0g96a^n2#fs1c
    [2] => CurTime: 1507881445
    [3] => CheckSum: 253ac6b8173cac072d12fccd25a1d76dfc887fe4
    [4] => content-type: application/x-www-form-urlencoded; charset=UTF-8
)

body: 
Array
(
    [accid] => jyUbqq19Irq9GIrRSYiZ9UYi2iYqJB9y
    [name] => 附近的卡上理解开了房间都洒了可连接开了房间的拉萨刻录机开了房间的萨克雷付款了的撒快乐发的刷卡了解付款了觉得萨克雷付款了的撒骄傲看了交罚款的了撒娇离开范德萨发的
    [icon] => http://192.168.1.106/data/plat/201710/13/155139zoqho39oooehnhvk.jpg
)

response: 
{"desc":"bad name","code":414}

[2017-10-13 15:57:26] header: 
Array
(
    [0] => Appkey: 4ab8daeac32c2f8d119076956c997bba
    [1] => Nonce: hdow7t^nv!sl#_b%4paz
    [2] => CurTime: 1507881446
    [3] => CheckSum: 17ee31b0768b020863e5dd1755f84dd64c4ebec3
    [4] => content-type: application/x-www-form-urlencoded; charset=UTF-8
)

body: 
Array
(
    [accid] => jyUbqq19Irq9GIrRSYiZ9UYi2iYqJB9y
    [name] => 附近的卡上理解开了房间都洒了可连接开了房间的拉萨刻录机开了房间的萨克雷付款了的撒快乐发的刷卡了解付款了觉得萨克雷付款了的撒骄傲看了交罚款的了撒娇离开范德萨发的
    [icon] => http://192.168.1.106/data/plat/201710/13/155139zoqho39oooehnhvk.jpg
)

response: 
{"desc":"bad name","code":414}

[2017-10-13 15:58:17] header: 
Array
(
    [0] => Appkey: 4ab8daeac32c2f8d119076956c997bba
    [1] => Nonce: xu&jzhmni1y~so7e2a*+
    [2] => CurTime: 1507881497
    [3] => CheckSum: e417579aa9d199e1881ba34f6a871361738b76be
    [4] => content-type: application/x-www-form-urlencoded; charset=UTF-8
)

body: 
Array
(
    [accid] => TDcI590GiEKv64Is3VzZw9C5CE5x3kKR
    [name] => 啦啦啦
    [icon] => http://192.168.1.106/data/plat/201710/13/155808pk18pmim7ossppji.png
)

response: 
{"code":200}

[2017-10-13 20:12:53] header: 
Array
(
    [0] => Appkey: 4ab8daeac32c2f8d119076956c997bba
    [1] => Nonce: f(*qj~8%r30om7y5$1x2
    [2] => CurTime: 1507896773
    [3] => CheckSum: 0307973a07d4e0f9300bcfd3eb243ce50c117faa
    [4] => content-type: application/x-www-form-urlencoded; charset=UTF-8
)

body: 
Array
(
    [accid] => Ki6ur5ks6rH76mSk5HG64GFWFr76VG4s
    [name] => 不语的的的的的的的的
    [icon] => http://127.0.0.1/data/plat/201710/13/155047drmiv1n1fl1piiyi.png
)

response: 
{"code":200}

[2017-10-13 20:13:28] header: 
Array
(
    [0] => Appkey: 4ab8daeac32c2f8d119076956c997bba
    [1] => Nonce: 29k%n8zeg6hctd3iuolr
    [2] => CurTime: 1507896807
    [3] => CheckSum: 157b2dda5d3fe3573911068a4ecd4f57eeacb5d3
    [4] => content-type: application/x-www-form-urlencoded; charset=UTF-8
)

body: 
Array
(
    [accid] => Ki6ur5ks6rH76mSk5HG64GFWFr76VG4s
    [name] => 不语
    [icon] => http://127.0.0.1/data/plat/201710/13/155047drmiv1n1fl1piiyi.png
)

response: 
{"code":200}

[2017-10-16 14:51:51] header: 
Array
(
    [0] => Appkey: 4ab8daeac32c2f8d119076956c997bba
    [1] => Nonce: g~h4*)yv587&te%c+zmb
    [2] => CurTime: 1508136711
    [3] => CheckSum: 70f4f3063ec53d7ea654a4ff5d9307158295f46c
    [4] => content-type: application/x-www-form-urlencoded; charset=UTF-8
)

body: 
Array
(
    [accid] => 15051020222
    [name] => 不语
    [icon] => http://127.0.0.1/data/plat/201709/27/175324xw9fd9ftaeeeeyw1.jpg
)

response: 
{"code":200}

[2017-10-18 15:28:01] header: 
Array
(
    [0] => Appkey: 4ab8daeac32c2f8d119076956c997bba
    [1] => Nonce: pk6&i(_rxaw+!l%g)zf7
    [2] => CurTime: 1508311680
    [3] => CheckSum: 4fdf3807f571dae0fd8a1dfab81f785c9bd09726
    [4] => content-type: application/x-www-form-urlencoded; charset=UTF-8
)

body: 
Array
(
    [accid] => 15051020222
    [name] => Danier
    [icon] => http://127.0.0.1/data/mobile/201710/18/105821pt6mzqtppq7w5ifo.png
)

response: 
{"code":200}

